2026-02-16T10:23:45+00:00 INFO server Starting application server on port 8080
2026-02-16T10:23:46+00:00 INFO database Connected to database at localhost:5432
2026-02-16T10:24:12+00:00 INFO auth User login successful: user_id=123, username=alice
2026-02-16T10:24:15+00:00 INFO api GET /api/users 200 45ms
2026-02-16T10:24:18+00:00 WARN api Rate limit approaching for client 192.168.1.100
2026-02-16T10:24:23+00:00 INFO api POST /api/orders 201 120ms
2026-02-16T10:24:45+00:00 ERROR database Connection timeout after 30000ms
2026-02-16T10:24:46+00:00 INFO database Reconnecting to database...
2026-02-16T10:24:47+00:00 INFO database Database connection restored
2026-02-16T10:25:01+00:00 INFO auth User logout: user_id=123
2026-02-16T10:25:12+00:00 INFO api GET /api/products 200 23ms
2026-02-16T10:25:15+00:00 DEBUG cache Cache miss for key: products:all
2026-02-16T10:25:16+00:00 INFO cache Cache populated: products:all
2026-02-16T10:26:34+00:00 WARN security Suspicious activity detected from IP 10.0.0.50
2026-02-16T10:26:45+00:00 ERROR api POST /api/upload 413 Request entity too large
2026-02-16T10:27:01+00:00 INFO scheduler Running daily cleanup job
2026-02-16T10:27:05+00:00 INFO scheduler Cleanup completed: 45 temp files removed
2026-02-16T10:28:12+00:00 INFO auth User login successful: user_id=456, username=bob
2026-02-16T10:28:15+00:00 INFO api GET /api/orders/ORD-2026-003 200 34ms
2026-02-16T10:29:00+00:00 INFO server Health check passed
